<?xml version="1.0" encoding="UTF-8"?>
<testng-results skipped="0" failed="0" ignored="0" total="1" passed="1">
  <reporter-output>
  </reporter-output>
  <suite name="Default suite" duration-ms="7895" started-at="2019-05-13T09:22:20Z" finished-at="2019-05-13T09:22:27Z">
    <groups>
    </groups>
    <test name="Default test" duration-ms="7895" started-at="2019-05-13T09:22:20Z" finished-at="2019-05-13T09:22:27Z">
      <class name="seljenkinsdemo.seljenkinsintegration">
        <test-method status="PASS" signature="test()[pri:0, instance:seljenkinsdemo.seljenkinsintegration@2a5ca609]" name="test" duration-ms="7863" started-at="2019-05-13T09:22:20Z" finished-at="2019-05-13T09:22:27Z">
          <reporter-output>
          </reporter-output>
        </test-method> <!-- test -->
      </class> <!-- seljenkinsdemo.seljenkinsintegration -->
    </test> <!-- Default test -->
  </suite> <!-- Default suite -->
</testng-results>
